2020-05-05 08:50:55,292 [Worker-0: Loading available Gradle versions] INFO  o.e.b.c.i.u.g.PublishedGradleVersions - Gradle version information cache is up-to-date. Trying to read.
2020-05-05 14:33:01,110 [Worker-103: Enabling Maven Dependency Management] INFO  o.e.m.c.i.l.LifecycleMappingFactory - Using org.maven.ide.eclipse.wtp.WarLifecycleMapping lifecycle mapping for MavenProject: com.HospitalService:HospitalService:0.0.1-SNAPSHOT @ E:\3rd year 1st sem\PAF\Hospital Service\HospitalService\pom.xml.
2020-05-05 14:33:05,702 [Worker-105: Building workspace] WARN  o.e.m.c.i.embedder.EclipseLogger - Using platform encoding (Cp1252 actually) to copy filtered resources, i.e. build is platform dependent!
2020-05-05 14:33:05,710 [Worker-105: Building workspace] INFO  o.e.m.c.i.embedder.EclipseLogger - skip non existing resourceDirectory E:\3rd year 1st sem\PAF\Hospital Service\HospitalService\src\main\resources
2020-05-05 14:33:05,712 [Worker-105: Building workspace] WARN  o.e.m.c.i.embedder.EclipseLogger - Using platform encoding (Cp1252 actually) to copy filtered resources, i.e. build is platform dependent!
2020-05-05 14:33:05,721 [Worker-105: Building workspace] INFO  o.e.m.c.i.embedder.EclipseLogger - skip non existing resourceDirectory E:\3rd year 1st sem\PAF\Hospital Service\HospitalService\src\test\resources
2020-05-05 14:33:05,744 [Worker-103: Enabling Maven Dependency Management] INFO  o.e.m.j.i.AbstractJavaProjectConfigurator - Adding source folder /HospitalService/src
2020-05-05 14:33:05,745 [Worker-103: Enabling Maven Dependency Management] INFO  o.e.m.j.i.AbstractJavaProjectConfigurator - Not adding source folder /HospitalService/src/test/java because it overlaps with /HospitalService/src
2020-05-05 14:33:06,492 [Worker-103: Enabling Maven Dependency Management] INFO  o.e.m.c.i.p.ProjectConfigurationManager - Update started
2020-05-05 14:33:06,964 [Worker-103: Enabling Maven Dependency Management] INFO  o.e.m.c.i.l.LifecycleMappingFactory - Using org.maven.ide.eclipse.wtp.WarLifecycleMapping lifecycle mapping for MavenProject: com.HospitalService:HospitalService:0.0.1-SNAPSHOT @ E:\3rd year 1st sem\PAF\Hospital Service\HospitalService\pom.xml.
2020-05-05 14:33:07,999 [Worker-104: Building workspace] WARN  o.e.m.c.i.embedder.EclipseLogger - Using platform encoding (Cp1252 actually) to copy filtered resources, i.e. build is platform dependent!
2020-05-05 14:33:08,013 [Worker-104: Building workspace] INFO  o.e.m.c.i.embedder.EclipseLogger - skip non existing resourceDirectory E:\3rd year 1st sem\PAF\Hospital Service\HospitalService\src\main\resources
2020-05-05 14:33:08,015 [Worker-104: Building workspace] WARN  o.e.m.c.i.embedder.EclipseLogger - Using platform encoding (Cp1252 actually) to copy filtered resources, i.e. build is platform dependent!
2020-05-05 14:33:08,023 [Worker-104: Building workspace] INFO  o.e.m.c.i.embedder.EclipseLogger - skip non existing resourceDirectory E:\3rd year 1st sem\PAF\Hospital Service\HospitalService\src\test\resources
2020-05-05 14:33:08,023 [Worker-104: Building workspace] INFO  o.e.m.w.i.f.ResourceFilteringBuildParticipant - Changed resources require a complete clean of filtered resources of HospitalService
2020-05-05 14:33:08,024 [Worker-104: Building workspace] INFO  o.e.m.w.i.f.ResourceFilteringBuildParticipant - Executing resource filtering for HospitalService
2020-05-05 14:33:08,028 [Worker-104: Building workspace] WARN  o.e.m.c.i.embedder.EclipseLogger - The POM for org.apache.maven.plugins:maven-clean-plugin:jar:2.5 is missing, no dependency information available
2020-05-05 14:33:08,045 [Worker-104: Building workspace] WARN  o.e.m.c.i.embedder.EclipseLogger - Using platform encoding (Cp1252 actually) to copy filtered resources, i.e. build is platform dependent!
2020-05-05 14:33:08,076 [Worker-103: Enabling Maven Dependency Management] INFO  o.e.m.j.i.AbstractJavaProjectConfigurator - Adding source folder /HospitalService/src
2020-05-05 14:33:08,076 [Worker-103: Enabling Maven Dependency Management] INFO  o.e.m.j.i.AbstractJavaProjectConfigurator - Not adding source folder /HospitalService/src/test/java because it overlaps with /HospitalService/src
2020-05-05 14:33:08,330 [Worker-103: Enabling Maven Dependency Management] INFO  o.e.m.w.i.f.ResourceFilteringBuildParticipant - Cleaning filtered folder for HospitalService
2020-05-05 14:33:08,345 [Worker-103: Enabling Maven Dependency Management] INFO  o.e.m.c.i.p.ProjectConfigurationManager - Update completed: 1 sec
2020-05-05 14:33:09,103 [Worker-105: Building workspace] WARN  o.e.m.c.i.embedder.EclipseLogger - Using platform encoding (Cp1252 actually) to copy filtered resources, i.e. build is platform dependent!
2020-05-05 14:33:09,129 [Worker-105: Building workspace] INFO  o.e.m.c.i.embedder.EclipseLogger - skip non existing resourceDirectory E:\3rd year 1st sem\PAF\Hospital Service\HospitalService\src\main\resources
2020-05-05 14:33:09,131 [Worker-105: Building workspace] WARN  o.e.m.c.i.embedder.EclipseLogger - Using platform encoding (Cp1252 actually) to copy filtered resources, i.e. build is platform dependent!
2020-05-05 14:33:09,149 [Worker-105: Building workspace] INFO  o.e.m.c.i.embedder.EclipseLogger - skip non existing resourceDirectory E:\3rd year 1st sem\PAF\Hospital Service\HospitalService\src\test\resources
2020-05-05 14:33:09,149 [Worker-105: Building workspace] INFO  o.e.m.w.i.f.ResourceFilteringBuildParticipant - Changed resources require a complete clean of filtered resources of HospitalService
2020-05-05 14:33:09,149 [Worker-105: Building workspace] INFO  o.e.m.w.i.f.ResourceFilteringBuildParticipant - Executing resource filtering for HospitalService
2020-05-05 14:33:09,158 [Worker-105: Building workspace] WARN  o.e.m.c.i.embedder.EclipseLogger - Using platform encoding (Cp1252 actually) to copy filtered resources, i.e. build is platform dependent!
2020-05-05 14:39:58,534 [Worker-107: Updating Maven Project] INFO  o.e.m.c.i.p.ProjectConfigurationManager - Update started
2020-05-05 14:40:00,907 [Worker-107: Updating Maven Project] INFO  o.e.m.c.i.l.LifecycleMappingFactory - Using org.maven.ide.eclipse.wtp.WarLifecycleMapping lifecycle mapping for MavenProject: com.HospitalService:HospitalService:0.0.1-SNAPSHOT @ E:\3rd year 1st sem\PAF\Hospital Service\HospitalService\pom.xml.
2020-05-05 14:40:02,542 [Worker-107: Updating Maven Project] INFO  o.e.m.j.i.AbstractJavaProjectConfigurator - Adding source folder /HospitalService/src
2020-05-05 14:40:02,542 [Worker-107: Updating Maven Project] INFO  o.e.m.j.i.AbstractJavaProjectConfigurator - Not adding source folder /HospitalService/src/test/java because it overlaps with /HospitalService/src
2020-05-05 14:40:02,722 [Worker-107: Updating Maven Project] INFO  o.e.m.w.i.f.ResourceFilteringBuildParticipant - Cleaning filtered folder for HospitalService
2020-05-05 14:40:02,725 [Worker-107: Updating Maven Project] INFO  o.e.m.c.i.p.ProjectConfigurationManager - Update completed: 4 sec
2020-05-05 14:40:02,853 [Worker-109: Building workspace] WARN  o.e.m.c.i.embedder.EclipseLogger - Using platform encoding (Cp1252 actually) to copy filtered resources, i.e. build is platform dependent!
2020-05-05 14:40:02,861 [Worker-109: Building workspace] INFO  o.e.m.c.i.embedder.EclipseLogger - skip non existing resourceDirectory E:\3rd year 1st sem\PAF\Hospital Service\HospitalService\src\main\resources
2020-05-05 14:40:02,862 [Worker-109: Building workspace] WARN  o.e.m.c.i.embedder.EclipseLogger - Using platform encoding (Cp1252 actually) to copy filtered resources, i.e. build is platform dependent!
2020-05-05 14:40:02,868 [Worker-109: Building workspace] INFO  o.e.m.c.i.embedder.EclipseLogger - skip non existing resourceDirectory E:\3rd year 1st sem\PAF\Hospital Service\HospitalService\src\test\resources
2020-05-05 14:40:02,869 [Worker-109: Building workspace] INFO  o.e.m.w.i.f.ResourceFilteringBuildParticipant - Changed resources require a complete clean of filtered resources of HospitalService
2020-05-05 14:40:02,869 [Worker-109: Building workspace] INFO  o.e.m.w.i.f.ResourceFilteringBuildParticipant - Executing resource filtering for HospitalService
2020-05-05 14:40:02,872 [Worker-109: Building workspace] WARN  o.e.m.c.i.embedder.EclipseLogger - Using platform encoding (Cp1252 actually) to copy filtered resources, i.e. build is platform dependent!
2020-05-05 15:03:29,672 [Worker-115: Building workspace] WARN  o.e.m.c.i.embedder.EclipseLogger - Using platform encoding (Cp1252 actually) to copy filtered resources, i.e. build is platform dependent!
2020-05-05 15:03:29,679 [Worker-115: Building workspace] INFO  o.e.m.c.i.embedder.EclipseLogger - skip non existing resourceDirectory E:\3rd year 1st sem\PAF\Hospital Service\HospitalService\src\main\resources
2020-05-05 15:03:29,680 [Worker-115: Building workspace] WARN  o.e.m.c.i.embedder.EclipseLogger - Using platform encoding (Cp1252 actually) to copy filtered resources, i.e. build is platform dependent!
2020-05-05 15:03:29,686 [Worker-115: Building workspace] INFO  o.e.m.c.i.embedder.EclipseLogger - skip non existing resourceDirectory E:\3rd year 1st sem\PAF\Hospital Service\HospitalService\src\test\resources
2020-05-05 15:03:47,925 [Worker-116: Building workspace] WARN  o.e.m.c.i.embedder.EclipseLogger - Using platform encoding (Cp1252 actually) to copy filtered resources, i.e. build is platform dependent!
2020-05-05 15:03:47,940 [Worker-116: Building workspace] INFO  o.e.m.c.i.embedder.EclipseLogger - skip non existing resourceDirectory E:\3rd year 1st sem\PAF\Hospital Service\HospitalService\src\main\resources
2020-05-05 15:03:47,942 [Worker-116: Building workspace] WARN  o.e.m.c.i.embedder.EclipseLogger - Using platform encoding (Cp1252 actually) to copy filtered resources, i.e. build is platform dependent!
2020-05-05 15:03:47,951 [Worker-116: Building workspace] INFO  o.e.m.c.i.embedder.EclipseLogger - skip non existing resourceDirectory E:\3rd year 1st sem\PAF\Hospital Service\HospitalService\src\test\resources
2020-05-05 15:04:40,148 [Worker-115: Building workspace] WARN  o.e.m.c.i.embedder.EclipseLogger - Using platform encoding (Cp1252 actually) to copy filtered resources, i.e. build is platform dependent!
2020-05-05 15:04:40,148 [Worker-115: Building workspace] INFO  o.e.m.c.i.embedder.EclipseLogger - skip non existing resourceDirectory E:\3rd year 1st sem\PAF\Hospital Service\HospitalService\src\main\resources
2020-05-05 15:04:40,164 [Worker-115: Building workspace] WARN  o.e.m.c.i.embedder.EclipseLogger - Using platform encoding (Cp1252 actually) to copy filtered resources, i.e. build is platform dependent!
2020-05-05 15:04:40,164 [Worker-115: Building workspace] INFO  o.e.m.c.i.embedder.EclipseLogger - skip non existing resourceDirectory E:\3rd year 1st sem\PAF\Hospital Service\HospitalService\src\test\resources
2020-05-05 15:39:32,948 [Worker-124: Building workspace] WARN  o.e.m.c.i.embedder.EclipseLogger - Using platform encoding (Cp1252 actually) to copy filtered resources, i.e. build is platform dependent!
2020-05-05 15:39:32,965 [Worker-124: Building workspace] INFO  o.e.m.c.i.embedder.EclipseLogger - skip non existing resourceDirectory E:\3rd year 1st sem\PAF\Hospital Service\HospitalService\src\main\resources
2020-05-05 15:39:32,968 [Worker-124: Building workspace] WARN  o.e.m.c.i.embedder.EclipseLogger - Using platform encoding (Cp1252 actually) to copy filtered resources, i.e. build is platform dependent!
2020-05-05 15:39:32,981 [Worker-124: Building workspace] INFO  o.e.m.c.i.embedder.EclipseLogger - skip non existing resourceDirectory E:\3rd year 1st sem\PAF\Hospital Service\HospitalService\src\test\resources
2020-05-05 15:44:54,960 [Worker-128: Building workspace] WARN  o.e.m.c.i.embedder.EclipseLogger - Using platform encoding (Cp1252 actually) to copy filtered resources, i.e. build is platform dependent!
2020-05-05 15:44:54,987 [Worker-128: Building workspace] INFO  o.e.m.c.i.embedder.EclipseLogger - skip non existing resourceDirectory E:\3rd year 1st sem\PAF\Hospital Service\HospitalService\src\main\resources
2020-05-05 15:44:54,987 [Worker-128: Building workspace] WARN  o.e.m.c.i.embedder.EclipseLogger - Using platform encoding (Cp1252 actually) to copy filtered resources, i.e. build is platform dependent!
2020-05-05 15:44:55,013 [Worker-128: Building workspace] INFO  o.e.m.c.i.embedder.EclipseLogger - skip non existing resourceDirectory E:\3rd year 1st sem\PAF\Hospital Service\HospitalService\src\test\resources
2020-05-05 15:44:56,037 [Worker-128: Building workspace] WARN  o.e.m.c.i.embedder.EclipseLogger - Using platform encoding (Cp1252 actually) to copy filtered resources, i.e. build is platform dependent!
2020-05-05 15:44:56,059 [Worker-128: Building workspace] INFO  o.e.m.c.i.embedder.EclipseLogger - skip non existing resourceDirectory E:\3rd year 1st sem\PAF\Hospital Service\HospitalService\src\main\resources
2020-05-05 15:44:56,062 [Worker-128: Building workspace] WARN  o.e.m.c.i.embedder.EclipseLogger - Using platform encoding (Cp1252 actually) to copy filtered resources, i.e. build is platform dependent!
2020-05-05 15:44:56,083 [Worker-128: Building workspace] INFO  o.e.m.c.i.embedder.EclipseLogger - skip non existing resourceDirectory E:\3rd year 1st sem\PAF\Hospital Service\HospitalService\src\test\resources
2020-05-05 15:49:41,357 [Worker-129: Building workspace] WARN  o.e.m.c.i.embedder.EclipseLogger - Using platform encoding (Cp1252 actually) to copy filtered resources, i.e. build is platform dependent!
2020-05-05 15:49:41,384 [Worker-129: Building workspace] INFO  o.e.m.c.i.embedder.EclipseLogger - skip non existing resourceDirectory E:\3rd year 1st sem\PAF\Hospital Service\HospitalService\src\main\resources
2020-05-05 15:49:41,391 [Worker-129: Building workspace] WARN  o.e.m.c.i.embedder.EclipseLogger - Using platform encoding (Cp1252 actually) to copy filtered resources, i.e. build is platform dependent!
2020-05-05 15:49:41,420 [Worker-129: Building workspace] INFO  o.e.m.c.i.embedder.EclipseLogger - skip non existing resourceDirectory E:\3rd year 1st sem\PAF\Hospital Service\HospitalService\src\test\resources
2020-05-05 15:49:42,453 [Worker-129: Building workspace] WARN  o.e.m.c.i.embedder.EclipseLogger - Using platform encoding (Cp1252 actually) to copy filtered resources, i.e. build is platform dependent!
2020-05-05 15:49:42,466 [Worker-129: Building workspace] INFO  o.e.m.c.i.embedder.EclipseLogger - skip non existing resourceDirectory E:\3rd year 1st sem\PAF\Hospital Service\HospitalService\src\main\resources
2020-05-05 15:49:42,467 [Worker-129: Building workspace] WARN  o.e.m.c.i.embedder.EclipseLogger - Using platform encoding (Cp1252 actually) to copy filtered resources, i.e. build is platform dependent!
2020-05-05 15:49:42,477 [Worker-129: Building workspace] INFO  o.e.m.c.i.embedder.EclipseLogger - skip non existing resourceDirectory E:\3rd year 1st sem\PAF\Hospital Service\HospitalService\src\test\resources
2020-05-05 15:54:00,016 [Worker-130: Building workspace] WARN  o.e.m.c.i.embedder.EclipseLogger - Using platform encoding (Cp1252 actually) to copy filtered resources, i.e. build is platform dependent!
2020-05-05 15:54:00,026 [Worker-130: Building workspace] INFO  o.e.m.c.i.embedder.EclipseLogger - skip non existing resourceDirectory E:\3rd year 1st sem\PAF\Hospital Service\HospitalService\src\main\resources
2020-05-05 15:54:00,028 [Worker-130: Building workspace] WARN  o.e.m.c.i.embedder.EclipseLogger - Using platform encoding (Cp1252 actually) to copy filtered resources, i.e. build is platform dependent!
2020-05-05 15:54:00,040 [Worker-130: Building workspace] INFO  o.e.m.c.i.embedder.EclipseLogger - skip non existing resourceDirectory E:\3rd year 1st sem\PAF\Hospital Service\HospitalService\src\test\resources
2020-05-05 15:58:24,852 [Worker-124: Building workspace] WARN  o.e.m.c.i.embedder.EclipseLogger - Using platform encoding (Cp1252 actually) to copy filtered resources, i.e. build is platform dependent!
2020-05-05 15:58:24,871 [Worker-124: Building workspace] INFO  o.e.m.c.i.embedder.EclipseLogger - skip non existing resourceDirectory E:\3rd year 1st sem\PAF\Hospital Service\HospitalService\src\main\resources
2020-05-05 15:58:24,873 [Worker-124: Building workspace] WARN  o.e.m.c.i.embedder.EclipseLogger - Using platform encoding (Cp1252 actually) to copy filtered resources, i.e. build is platform dependent!
2020-05-05 15:58:24,890 [Worker-124: Building workspace] INFO  o.e.m.c.i.embedder.EclipseLogger - skip non existing resourceDirectory E:\3rd year 1st sem\PAF\Hospital Service\HospitalService\src\test\resources
2020-05-05 16:06:34,031 [Worker-124: Building workspace] WARN  o.e.m.c.i.embedder.EclipseLogger - Using platform encoding (Cp1252 actually) to copy filtered resources, i.e. build is platform dependent!
2020-05-05 16:06:34,059 [Worker-124: Building workspace] INFO  o.e.m.c.i.embedder.EclipseLogger - skip non existing resourceDirectory E:\3rd year 1st sem\PAF\Hospital Service\HospitalService\src\main\resources
2020-05-05 16:06:34,063 [Worker-124: Building workspace] WARN  o.e.m.c.i.embedder.EclipseLogger - Using platform encoding (Cp1252 actually) to copy filtered resources, i.e. build is platform dependent!
2020-05-05 16:06:34,090 [Worker-124: Building workspace] INFO  o.e.m.c.i.embedder.EclipseLogger - skip non existing resourceDirectory E:\3rd year 1st sem\PAF\Hospital Service\HospitalService\src\test\resources
2020-05-05 16:08:12,165 [Worker-124: Building workspace] WARN  o.e.m.c.i.embedder.EclipseLogger - Using platform encoding (Cp1252 actually) to copy filtered resources, i.e. build is platform dependent!
2020-05-05 16:08:12,189 [Worker-124: Building workspace] INFO  o.e.m.c.i.embedder.EclipseLogger - skip non existing resourceDirectory E:\3rd year 1st sem\PAF\Hospital Service\HospitalService\src\main\resources
2020-05-05 16:08:12,196 [Worker-124: Building workspace] WARN  o.e.m.c.i.embedder.EclipseLogger - Using platform encoding (Cp1252 actually) to copy filtered resources, i.e. build is platform dependent!
2020-05-05 16:08:12,224 [Worker-124: Building workspace] INFO  o.e.m.c.i.embedder.EclipseLogger - skip non existing resourceDirectory E:\3rd year 1st sem\PAF\Hospital Service\HospitalService\src\test\resources
2020-05-05 16:12:24,404 [Worker-131: Building workspace] WARN  o.e.m.c.i.embedder.EclipseLogger - Using platform encoding (Cp1252 actually) to copy filtered resources, i.e. build is platform dependent!
2020-05-05 16:12:24,429 [Worker-131: Building workspace] INFO  o.e.m.c.i.embedder.EclipseLogger - skip non existing resourceDirectory E:\3rd year 1st sem\PAF\Hospital Service\HospitalService\src\main\resources
2020-05-05 16:12:24,433 [Worker-131: Building workspace] WARN  o.e.m.c.i.embedder.EclipseLogger - Using platform encoding (Cp1252 actually) to copy filtered resources, i.e. build is platform dependent!
2020-05-05 16:12:24,461 [Worker-131: Building workspace] INFO  o.e.m.c.i.embedder.EclipseLogger - skip non existing resourceDirectory E:\3rd year 1st sem\PAF\Hospital Service\HospitalService\src\test\resources
2020-05-05 16:46:37,967 [Worker-143: Building workspace] WARN  o.e.m.c.i.embedder.EclipseLogger - Using platform encoding (Cp1252 actually) to copy filtered resources, i.e. build is platform dependent!
2020-05-05 16:46:37,992 [Worker-143: Building workspace] INFO  o.e.m.c.i.embedder.EclipseLogger - skip non existing resourceDirectory E:\3rd year 1st sem\PAF\Hospital Service\HospitalService\src\main\resources
2020-05-05 16:46:37,996 [Worker-143: Building workspace] WARN  o.e.m.c.i.embedder.EclipseLogger - Using platform encoding (Cp1252 actually) to copy filtered resources, i.e. build is platform dependent!
2020-05-05 16:46:38,014 [Worker-143: Building workspace] INFO  o.e.m.c.i.embedder.EclipseLogger - skip non existing resourceDirectory E:\3rd year 1st sem\PAF\Hospital Service\HospitalService\src\test\resources
2020-05-05 16:51:41,220 [Worker-140: Building workspace] WARN  o.e.m.c.i.embedder.EclipseLogger - Using platform encoding (Cp1252 actually) to copy filtered resources, i.e. build is platform dependent!
2020-05-05 16:51:41,220 [Worker-140: Building workspace] INFO  o.e.m.c.i.embedder.EclipseLogger - skip non existing resourceDirectory E:\3rd year 1st sem\PAF\Hospital Service\HospitalService\src\main\resources
2020-05-05 16:51:41,231 [Worker-140: Building workspace] WARN  o.e.m.c.i.embedder.EclipseLogger - Using platform encoding (Cp1252 actually) to copy filtered resources, i.e. build is platform dependent!
2020-05-05 16:51:41,235 [Worker-140: Building workspace] INFO  o.e.m.c.i.embedder.EclipseLogger - skip non existing resourceDirectory E:\3rd year 1st sem\PAF\Hospital Service\HospitalService\src\test\resources
2020-05-05 17:31:20,351 [Worker-154: Building workspace] WARN  o.e.m.c.i.embedder.EclipseLogger - Using platform encoding (Cp1252 actually) to copy filtered resources, i.e. build is platform dependent!
2020-05-05 17:31:20,379 [Worker-154: Building workspace] INFO  o.e.m.c.i.embedder.EclipseLogger - skip non existing resourceDirectory E:\3rd year 1st sem\PAF\Hospital Service\HospitalService\src\main\resources
2020-05-05 17:31:20,382 [Worker-154: Building workspace] WARN  o.e.m.c.i.embedder.EclipseLogger - Using platform encoding (Cp1252 actually) to copy filtered resources, i.e. build is platform dependent!
2020-05-05 17:31:20,408 [Worker-154: Building workspace] INFO  o.e.m.c.i.embedder.EclipseLogger - skip non existing resourceDirectory E:\3rd year 1st sem\PAF\Hospital Service\HospitalService\src\test\resources
2020-05-05 19:20:06,981 [Worker-171: Building workspace] WARN  o.e.m.c.i.embedder.EclipseLogger - Using platform encoding (Cp1252 actually) to copy filtered resources, i.e. build is platform dependent!
2020-05-05 19:20:07,012 [Worker-171: Building workspace] INFO  o.e.m.c.i.embedder.EclipseLogger - skip non existing resourceDirectory E:\3rd year 1st sem\PAF\Hospital Service\HospitalService\src\main\resources
2020-05-05 19:20:07,012 [Worker-171: Building workspace] WARN  o.e.m.c.i.embedder.EclipseLogger - Using platform encoding (Cp1252 actually) to copy filtered resources, i.e. build is platform dependent!
2020-05-05 19:20:07,012 [Worker-171: Building workspace] INFO  o.e.m.c.i.embedder.EclipseLogger - skip non existing resourceDirectory E:\3rd year 1st sem\PAF\Hospital Service\HospitalService\src\test\resources
2020-05-05 19:22:21,889 [Worker-175: Building workspace] WARN  o.e.m.c.i.embedder.EclipseLogger - Using platform encoding (Cp1252 actually) to copy filtered resources, i.e. build is platform dependent!
2020-05-05 19:22:21,899 [Worker-175: Building workspace] INFO  o.e.m.c.i.embedder.EclipseLogger - skip non existing resourceDirectory E:\3rd year 1st sem\PAF\Hospital Service\HospitalService\src\main\resources
2020-05-05 19:22:21,900 [Worker-175: Building workspace] WARN  o.e.m.c.i.embedder.EclipseLogger - Using platform encoding (Cp1252 actually) to copy filtered resources, i.e. build is platform dependent!
2020-05-05 19:22:21,909 [Worker-175: Building workspace] INFO  o.e.m.c.i.embedder.EclipseLogger - skip non existing resourceDirectory E:\3rd year 1st sem\PAF\Hospital Service\HospitalService\src\test\resources
2020-05-05 19:25:54,275 [Worker-163: Building workspace] WARN  o.e.m.c.i.embedder.EclipseLogger - Using platform encoding (Cp1252 actually) to copy filtered resources, i.e. build is platform dependent!
2020-05-05 19:25:54,290 [Worker-163: Building workspace] INFO  o.e.m.c.i.embedder.EclipseLogger - skip non existing resourceDirectory E:\3rd year 1st sem\PAF\Hospital Service\HospitalService\src\main\resources
2020-05-05 19:25:54,290 [Worker-163: Building workspace] WARN  o.e.m.c.i.embedder.EclipseLogger - Using platform encoding (Cp1252 actually) to copy filtered resources, i.e. build is platform dependent!
2020-05-05 19:25:54,290 [Worker-163: Building workspace] INFO  o.e.m.c.i.embedder.EclipseLogger - skip non existing resourceDirectory E:\3rd year 1st sem\PAF\Hospital Service\HospitalService\src\test\resources
2020-05-05 19:27:02,183 [Worker-163: Building workspace] WARN  o.e.m.c.i.embedder.EclipseLogger - Using platform encoding (Cp1252 actually) to copy filtered resources, i.e. build is platform dependent!
2020-05-05 19:27:02,189 [Worker-163: Building workspace] INFO  o.e.m.c.i.embedder.EclipseLogger - skip non existing resourceDirectory E:\3rd year 1st sem\PAF\Hospital Service\HospitalService\src\main\resources
2020-05-05 19:27:02,190 [Worker-163: Building workspace] WARN  o.e.m.c.i.embedder.EclipseLogger - Using platform encoding (Cp1252 actually) to copy filtered resources, i.e. build is platform dependent!
2020-05-05 19:27:02,230 [Worker-163: Building workspace] INFO  o.e.m.c.i.embedder.EclipseLogger - skip non existing resourceDirectory E:\3rd year 1st sem\PAF\Hospital Service\HospitalService\src\test\resources
2020-05-05 19:27:51,530 [Worker-171: Building workspace] INFO  o.e.m.c.i.l.LifecycleMappingFactory - Using org.maven.ide.eclipse.wtp.WarLifecycleMapping lifecycle mapping for MavenProject: com.HospitalService:HospitalService:0.0.1-SNAPSHOT @ E:\3rd year 1st sem\PAF\Hospital Service\HospitalService\pom.xml.
2020-05-05 19:27:56,131 [Worker-171: Building workspace] WARN  o.e.m.c.i.embedder.EclipseLogger - Using platform encoding (Cp1252 actually) to copy filtered resources, i.e. build is platform dependent!
2020-05-05 19:27:56,137 [Worker-171: Building workspace] INFO  o.e.m.c.i.embedder.EclipseLogger - skip non existing resourceDirectory E:\3rd year 1st sem\PAF\Hospital Service\HospitalService\src\main\resources
2020-05-05 19:27:56,138 [Worker-171: Building workspace] WARN  o.e.m.c.i.embedder.EclipseLogger - Using platform encoding (Cp1252 actually) to copy filtered resources, i.e. build is platform dependent!
2020-05-05 19:27:56,144 [Worker-171: Building workspace] INFO  o.e.m.c.i.embedder.EclipseLogger - skip non existing resourceDirectory E:\3rd year 1st sem\PAF\Hospital Service\HospitalService\src\test\resources
2020-05-05 19:27:56,145 [Worker-171: Building workspace] INFO  o.e.m.w.i.f.ResourceFilteringBuildParticipant - Changed resources require a complete clean of filtered resources of HospitalService
2020-05-05 19:27:56,145 [Worker-171: Building workspace] INFO  o.e.m.w.i.f.ResourceFilteringBuildParticipant - Executing resource filtering for HospitalService
2020-05-05 19:27:56,149 [Worker-171: Building workspace] WARN  o.e.m.c.i.embedder.EclipseLogger - Using platform encoding (Cp1252 actually) to copy filtered resources, i.e. build is platform dependent!
2020-05-05 19:27:57,409 [Worker-175: Building workspace] WARN  o.e.m.c.i.embedder.EclipseLogger - Using platform encoding (Cp1252 actually) to copy filtered resources, i.e. build is platform dependent!
2020-05-05 19:27:57,425 [Worker-175: Building workspace] INFO  o.e.m.c.i.embedder.EclipseLogger - skip non existing resourceDirectory E:\3rd year 1st sem\PAF\Hospital Service\HospitalService\src\main\resources
2020-05-05 19:27:57,425 [Worker-175: Building workspace] WARN  o.e.m.c.i.embedder.EclipseLogger - Using platform encoding (Cp1252 actually) to copy filtered resources, i.e. build is platform dependent!
2020-05-05 19:27:57,425 [Worker-175: Building workspace] INFO  o.e.m.c.i.embedder.EclipseLogger - skip non existing resourceDirectory E:\3rd year 1st sem\PAF\Hospital Service\HospitalService\src\test\resources
2020-05-05 19:53:02,278 [Worker-185: Building workspace] WARN  o.e.m.c.i.embedder.EclipseLogger - Using platform encoding (Cp1252 actually) to copy filtered resources, i.e. build is platform dependent!
2020-05-05 19:53:02,341 [Worker-185: Building workspace] INFO  o.e.m.c.i.embedder.EclipseLogger - skip non existing resourceDirectory E:\3rd year 1st sem\PAF\Hospital Service\HospitalService\src\main\resources
2020-05-05 19:53:02,341 [Worker-185: Building workspace] WARN  o.e.m.c.i.embedder.EclipseLogger - Using platform encoding (Cp1252 actually) to copy filtered resources, i.e. build is platform dependent!
2020-05-05 19:53:02,355 [Worker-185: Building workspace] INFO  o.e.m.c.i.embedder.EclipseLogger - skip non existing resourceDirectory E:\3rd year 1st sem\PAF\Hospital Service\HospitalService\src\test\resources
2020-05-05 19:56:28,586 [Worker-190: Building workspace] WARN  o.e.m.c.i.embedder.EclipseLogger - Using platform encoding (Cp1252 actually) to copy filtered resources, i.e. build is platform dependent!
2020-05-05 19:56:28,586 [Worker-190: Building workspace] INFO  o.e.m.c.i.embedder.EclipseLogger - skip non existing resourceDirectory E:\3rd year 1st sem\PAF\Hospital Service\HospitalService\src\main\resources
2020-05-05 19:56:28,586 [Worker-190: Building workspace] WARN  o.e.m.c.i.embedder.EclipseLogger - Using platform encoding (Cp1252 actually) to copy filtered resources, i.e. build is platform dependent!
2020-05-05 19:56:28,601 [Worker-190: Building workspace] INFO  o.e.m.c.i.embedder.EclipseLogger - skip non existing resourceDirectory E:\3rd year 1st sem\PAF\Hospital Service\HospitalService\src\test\resources
2020-05-05 20:12:10,708 [Worker-197: Building workspace] WARN  o.e.m.c.i.embedder.EclipseLogger - Using platform encoding (Cp1252 actually) to copy filtered resources, i.e. build is platform dependent!
2020-05-05 20:12:10,715 [Worker-197: Building workspace] INFO  o.e.m.c.i.embedder.EclipseLogger - skip non existing resourceDirectory E:\3rd year 1st sem\PAF\Hospital Service\HospitalService\src\main\resources
2020-05-05 20:12:10,716 [Worker-197: Building workspace] WARN  o.e.m.c.i.embedder.EclipseLogger - Using platform encoding (Cp1252 actually) to copy filtered resources, i.e. build is platform dependent!
2020-05-05 20:12:10,722 [Worker-197: Building workspace] INFO  o.e.m.c.i.embedder.EclipseLogger - skip non existing resourceDirectory E:\3rd year 1st sem\PAF\Hospital Service\HospitalService\src\test\resources
2020-05-05 20:12:21,909 [Worker-197: Building workspace] WARN  o.e.m.c.i.embedder.EclipseLogger - Using platform encoding (Cp1252 actually) to copy filtered resources, i.e. build is platform dependent!
2020-05-05 20:12:21,915 [Worker-197: Building workspace] INFO  o.e.m.c.i.embedder.EclipseLogger - skip non existing resourceDirectory E:\3rd year 1st sem\PAF\Hospital Service\HospitalService\src\main\resources
2020-05-05 20:12:21,916 [Worker-197: Building workspace] WARN  o.e.m.c.i.embedder.EclipseLogger - Using platform encoding (Cp1252 actually) to copy filtered resources, i.e. build is platform dependent!
2020-05-05 20:12:21,921 [Worker-197: Building workspace] INFO  o.e.m.c.i.embedder.EclipseLogger - skip non existing resourceDirectory E:\3rd year 1st sem\PAF\Hospital Service\HospitalService\src\test\resources
2020-05-05 20:12:45,492 [Worker-196: Building workspace] WARN  o.e.m.c.i.embedder.EclipseLogger - Using platform encoding (Cp1252 actually) to copy filtered resources, i.e. build is platform dependent!
2020-05-05 20:12:45,499 [Worker-196: Building workspace] INFO  o.e.m.c.i.embedder.EclipseLogger - skip non existing resourceDirectory E:\3rd year 1st sem\PAF\Hospital Service\HospitalService\src\main\resources
2020-05-05 20:12:45,500 [Worker-196: Building workspace] WARN  o.e.m.c.i.embedder.EclipseLogger - Using platform encoding (Cp1252 actually) to copy filtered resources, i.e. build is platform dependent!
2020-05-05 20:12:45,506 [Worker-196: Building workspace] INFO  o.e.m.c.i.embedder.EclipseLogger - skip non existing resourceDirectory E:\3rd year 1st sem\PAF\Hospital Service\HospitalService\src\test\resources
2020-05-05 20:28:30,867 [Worker-201: Building workspace] WARN  o.e.m.c.i.embedder.EclipseLogger - Using platform encoding (Cp1252 actually) to copy filtered resources, i.e. build is platform dependent!
2020-05-05 20:28:31,039 [Worker-201: Building workspace] INFO  o.e.m.c.i.embedder.EclipseLogger - skip non existing resourceDirectory E:\3rd year 1st sem\PAF\Hospital Service\HospitalService\src\main\resources
2020-05-05 20:28:31,039 [Worker-201: Building workspace] WARN  o.e.m.c.i.embedder.EclipseLogger - Using platform encoding (Cp1252 actually) to copy filtered resources, i.e. build is platform dependent!
2020-05-05 20:28:31,039 [Worker-201: Building workspace] INFO  o.e.m.c.i.embedder.EclipseLogger - skip non existing resourceDirectory E:\3rd year 1st sem\PAF\Hospital Service\HospitalService\src\test\resources
2020-05-05 20:29:26,010 [Worker-203: Building workspace] WARN  o.e.m.c.i.embedder.EclipseLogger - Using platform encoding (Cp1252 actually) to copy filtered resources, i.e. build is platform dependent!
2020-05-05 20:29:26,025 [Worker-203: Building workspace] INFO  o.e.m.c.i.embedder.EclipseLogger - skip non existing resourceDirectory E:\3rd year 1st sem\PAF\Hospital Service\HospitalService\src\main\resources
2020-05-05 20:29:26,025 [Worker-203: Building workspace] WARN  o.e.m.c.i.embedder.EclipseLogger - Using platform encoding (Cp1252 actually) to copy filtered resources, i.e. build is platform dependent!
2020-05-05 20:29:26,025 [Worker-203: Building workspace] INFO  o.e.m.c.i.embedder.EclipseLogger - skip non existing resourceDirectory E:\3rd year 1st sem\PAF\Hospital Service\HospitalService\src\test\resources
2020-05-05 20:31:29,566 [Worker-203: Building workspace] WARN  o.e.m.c.i.embedder.EclipseLogger - Using platform encoding (Cp1252 actually) to copy filtered resources, i.e. build is platform dependent!
2020-05-05 20:31:29,566 [Worker-203: Building workspace] INFO  o.e.m.c.i.embedder.EclipseLogger - skip non existing resourceDirectory E:\3rd year 1st sem\PAF\Hospital Service\HospitalService\src\main\resources
2020-05-05 20:31:29,643 [Worker-203: Building workspace] WARN  o.e.m.c.i.embedder.EclipseLogger - Using platform encoding (Cp1252 actually) to copy filtered resources, i.e. build is platform dependent!
2020-05-05 20:31:29,649 [Worker-203: Building workspace] INFO  o.e.m.c.i.embedder.EclipseLogger - skip non existing resourceDirectory E:\3rd year 1st sem\PAF\Hospital Service\HospitalService\src\test\resources
2020-05-05 20:49:45,771 [Worker-213: Building workspace] WARN  o.e.m.c.i.embedder.EclipseLogger - Using platform encoding (Cp1252 actually) to copy filtered resources, i.e. build is platform dependent!
2020-05-05 20:49:45,778 [Worker-213: Building workspace] INFO  o.e.m.c.i.embedder.EclipseLogger - skip non existing resourceDirectory E:\3rd year 1st sem\PAF\Hospital Service\HospitalService\src\main\resources
2020-05-05 20:49:45,779 [Worker-213: Building workspace] WARN  o.e.m.c.i.embedder.EclipseLogger - Using platform encoding (Cp1252 actually) to copy filtered resources, i.e. build is platform dependent!
2020-05-05 20:49:45,784 [Worker-213: Building workspace] INFO  o.e.m.c.i.embedder.EclipseLogger - skip non existing resourceDirectory E:\3rd year 1st sem\PAF\Hospital Service\HospitalService\src\test\resources
2020-05-05 21:31:40,286 [Worker-216: Building workspace] WARN  o.e.m.c.i.embedder.EclipseLogger - Using platform encoding (Cp1252 actually) to copy filtered resources, i.e. build is platform dependent!
2020-05-05 21:31:40,301 [Worker-216: Building workspace] INFO  o.e.m.c.i.embedder.EclipseLogger - skip non existing resourceDirectory E:\3rd year 1st sem\PAF\Hospital Service\HospitalService\src\main\resources
2020-05-05 21:31:40,301 [Worker-216: Building workspace] WARN  o.e.m.c.i.embedder.EclipseLogger - Using platform encoding (Cp1252 actually) to copy filtered resources, i.e. build is platform dependent!
2020-05-05 21:31:40,301 [Worker-216: Building workspace] INFO  o.e.m.c.i.embedder.EclipseLogger - skip non existing resourceDirectory E:\3rd year 1st sem\PAF\Hospital Service\HospitalService\src\test\resources
2020-05-05 21:48:23,842 [Worker-228: Building workspace] WARN  o.e.m.c.i.embedder.EclipseLogger - Using platform encoding (Cp1252 actually) to copy filtered resources, i.e. build is platform dependent!
2020-05-05 21:48:23,848 [Worker-228: Building workspace] INFO  o.e.m.c.i.embedder.EclipseLogger - skip non existing resourceDirectory E:\3rd year 1st sem\PAF\Hospital Service\HospitalService\src\main\resources
2020-05-05 21:48:23,849 [Worker-228: Building workspace] WARN  o.e.m.c.i.embedder.EclipseLogger - Using platform encoding (Cp1252 actually) to copy filtered resources, i.e. build is platform dependent!
2020-05-05 21:48:23,854 [Worker-228: Building workspace] INFO  o.e.m.c.i.embedder.EclipseLogger - skip non existing resourceDirectory E:\3rd year 1st sem\PAF\Hospital Service\HospitalService\src\test\resources
2020-05-05 21:53:41,658 [Worker-231: Building workspace] WARN  o.e.m.c.i.embedder.EclipseLogger - Using platform encoding (Cp1252 actually) to copy filtered resources, i.e. build is platform dependent!
2020-05-05 21:53:41,664 [Worker-231: Building workspace] INFO  o.e.m.c.i.embedder.EclipseLogger - skip non existing resourceDirectory E:\3rd year 1st sem\PAF\Hospital Service\HospitalService\src\main\resources
2020-05-05 21:53:41,678 [Worker-231: Building workspace] WARN  o.e.m.c.i.embedder.EclipseLogger - Using platform encoding (Cp1252 actually) to copy filtered resources, i.e. build is platform dependent!
2020-05-05 21:53:41,683 [Worker-231: Building workspace] INFO  o.e.m.c.i.embedder.EclipseLogger - skip non existing resourceDirectory E:\3rd year 1st sem\PAF\Hospital Service\HospitalService\src\test\resources
2020-05-05 21:54:51,796 [Worker-231: Building workspace] WARN  o.e.m.c.i.embedder.EclipseLogger - Using platform encoding (Cp1252 actually) to copy filtered resources, i.e. build is platform dependent!
2020-05-05 21:54:51,805 [Worker-231: Building workspace] INFO  o.e.m.c.i.embedder.EclipseLogger - skip non existing resourceDirectory E:\3rd year 1st sem\PAF\Hospital Service\HospitalService\src\main\resources
2020-05-05 21:54:51,806 [Worker-231: Building workspace] WARN  o.e.m.c.i.embedder.EclipseLogger - Using platform encoding (Cp1252 actually) to copy filtered resources, i.e. build is platform dependent!
2020-05-05 21:54:51,815 [Worker-231: Building workspace] INFO  o.e.m.c.i.embedder.EclipseLogger - skip non existing resourceDirectory E:\3rd year 1st sem\PAF\Hospital Service\HospitalService\src\test\resources
2020-05-05 22:38:10,141 [Worker-245: Building workspace] WARN  o.e.m.c.i.embedder.EclipseLogger - Using platform encoding (Cp1252 actually) to copy filtered resources, i.e. build is platform dependent!
2020-05-05 22:38:10,156 [Worker-245: Building workspace] INFO  o.e.m.c.i.embedder.EclipseLogger - skip non existing resourceDirectory E:\3rd year 1st sem\PAF\Hospital Service\HospitalService\src\main\resources
2020-05-05 22:38:10,156 [Worker-245: Building workspace] WARN  o.e.m.c.i.embedder.EclipseLogger - Using platform encoding (Cp1252 actually) to copy filtered resources, i.e. build is platform dependent!
2020-05-05 22:38:10,156 [Worker-245: Building workspace] INFO  o.e.m.c.i.embedder.EclipseLogger - skip non existing resourceDirectory E:\3rd year 1st sem\PAF\Hospital Service\HospitalService\src\test\resources
2020-05-05 22:38:40,390 [Worker-247: Building workspace] WARN  o.e.m.c.i.embedder.EclipseLogger - Using platform encoding (Cp1252 actually) to copy filtered resources, i.e. build is platform dependent!
2020-05-05 22:38:40,390 [Worker-247: Building workspace] INFO  o.e.m.c.i.embedder.EclipseLogger - skip non existing resourceDirectory E:\3rd year 1st sem\PAF\Hospital Service\HospitalService\src\main\resources
2020-05-05 22:38:40,390 [Worker-247: Building workspace] WARN  o.e.m.c.i.embedder.EclipseLogger - Using platform encoding (Cp1252 actually) to copy filtered resources, i.e. build is platform dependent!
2020-05-05 22:38:40,405 [Worker-247: Building workspace] INFO  o.e.m.c.i.embedder.EclipseLogger - skip non existing resourceDirectory E:\3rd year 1st sem\PAF\Hospital Service\HospitalService\src\test\resources
2020-05-05 22:43:36,052 [Worker-243: Building workspace] WARN  o.e.m.c.i.embedder.EclipseLogger - Using platform encoding (Cp1252 actually) to copy filtered resources, i.e. build is platform dependent!
2020-05-05 22:43:36,057 [Worker-243: Building workspace] INFO  o.e.m.c.i.embedder.EclipseLogger - skip non existing resourceDirectory E:\3rd year 1st sem\PAF\Hospital Service\HospitalService\src\main\resources
2020-05-05 22:43:36,058 [Worker-243: Building workspace] WARN  o.e.m.c.i.embedder.EclipseLogger - Using platform encoding (Cp1252 actually) to copy filtered resources, i.e. build is platform dependent!
2020-05-05 22:43:36,065 [Worker-243: Building workspace] INFO  o.e.m.c.i.embedder.EclipseLogger - skip non existing resourceDirectory E:\3rd year 1st sem\PAF\Hospital Service\HospitalService\src\test\resources
2020-05-05 23:28:48,412 [Worker-263: Building workspace] WARN  o.e.m.c.i.embedder.EclipseLogger - Using platform encoding (Cp1252 actually) to copy filtered resources, i.e. build is platform dependent!
2020-05-05 23:28:48,418 [Worker-263: Building workspace] INFO  o.e.m.c.i.embedder.EclipseLogger - skip non existing resourceDirectory E:\3rd year 1st sem\PAF\Hospital Service\HospitalService\src\main\resources
2020-05-05 23:28:48,419 [Worker-263: Building workspace] WARN  o.e.m.c.i.embedder.EclipseLogger - Using platform encoding (Cp1252 actually) to copy filtered resources, i.e. build is platform dependent!
2020-05-05 23:28:48,424 [Worker-263: Building workspace] INFO  o.e.m.c.i.embedder.EclipseLogger - skip non existing resourceDirectory E:\3rd year 1st sem\PAF\Hospital Service\HospitalService\src\test\resources
2020-05-05 23:31:00,678 [Worker-266: Building workspace] WARN  o.e.m.c.i.embedder.EclipseLogger - Using platform encoding (Cp1252 actually) to copy filtered resources, i.e. build is platform dependent!
2020-05-05 23:31:00,684 [Worker-266: Building workspace] INFO  o.e.m.c.i.embedder.EclipseLogger - skip non existing resourceDirectory E:\3rd year 1st sem\PAF\Hospital Service\HospitalService\src\main\resources
2020-05-05 23:31:00,685 [Worker-266: Building workspace] WARN  o.e.m.c.i.embedder.EclipseLogger - Using platform encoding (Cp1252 actually) to copy filtered resources, i.e. build is platform dependent!
2020-05-05 23:31:00,690 [Worker-266: Building workspace] INFO  o.e.m.c.i.embedder.EclipseLogger - skip non existing resourceDirectory E:\3rd year 1st sem\PAF\Hospital Service\HospitalService\src\test\resources
2020-05-06 00:40:29,980 [Worker-286: Building workspace] WARN  o.e.m.c.i.embedder.EclipseLogger - Using platform encoding (Cp1252 actually) to copy filtered resources, i.e. build is platform dependent!
2020-05-06 00:40:29,990 [Worker-286: Building workspace] INFO  o.e.m.c.i.embedder.EclipseLogger - skip non existing resourceDirectory E:\3rd year 1st sem\PAF\Hospital Service\HospitalService\src\main\resources
2020-05-06 00:40:29,991 [Worker-286: Building workspace] WARN  o.e.m.c.i.embedder.EclipseLogger - Using platform encoding (Cp1252 actually) to copy filtered resources, i.e. build is platform dependent!
2020-05-06 00:40:30,000 [Worker-286: Building workspace] INFO  o.e.m.c.i.embedder.EclipseLogger - skip non existing resourceDirectory E:\3rd year 1st sem\PAF\Hospital Service\HospitalService\src\test\resources
2020-05-06 00:44:14,723 [Worker-285: Building workspace] WARN  o.e.m.c.i.embedder.EclipseLogger - Using platform encoding (Cp1252 actually) to copy filtered resources, i.e. build is platform dependent!
2020-05-06 00:44:14,729 [Worker-285: Building workspace] INFO  o.e.m.c.i.embedder.EclipseLogger - skip non existing resourceDirectory E:\3rd year 1st sem\PAF\Hospital Service\HospitalService\src\main\resources
2020-05-06 00:44:14,730 [Worker-285: Building workspace] WARN  o.e.m.c.i.embedder.EclipseLogger - Using platform encoding (Cp1252 actually) to copy filtered resources, i.e. build is platform dependent!
2020-05-06 00:44:14,737 [Worker-285: Building workspace] INFO  o.e.m.c.i.embedder.EclipseLogger - skip non existing resourceDirectory E:\3rd year 1st sem\PAF\Hospital Service\HospitalService\src\test\resources
2020-05-06 00:45:50,913 [Worker-282: Building workspace] INFO  o.e.m.c.i.l.LifecycleMappingFactory - Using org.maven.ide.eclipse.wtp.WarLifecycleMapping lifecycle mapping for MavenProject: com.HospitalService:HospitalService:0.0.1-SNAPSHOT @ E:\3rd year 1st sem\PAF\Hospital Service\HospitalService\pom.xml.
2020-05-06 00:45:52,926 [Worker-282: Building workspace] INFO  o.e.m.c.i.e.AbstractTransferListenerAdapter - Downloading https://repo.maven.apache.org/maven2/javax/servlet/javax.servlet-api/3.1.0/javax.servlet-api-3.1.0.pom
2020-05-06 00:45:53,411 [Worker-282: Building workspace] INFO  o.e.m.c.i.e.AbstractTransferListenerAdapter - Downloaded https://repo.maven.apache.org/maven2/javax/servlet/javax.servlet-api/3.1.0/javax.servlet-api-3.1.0.pom
2020-05-06 00:45:53,638 [Worker-282: Building workspace] INFO  o.e.m.c.i.e.AbstractTransferListenerAdapter - Downloading https://repo.maven.apache.org/maven2/net/java/jvnet-parent/3/jvnet-parent-3.pom
2020-05-06 00:45:53,881 [Worker-282: Building workspace] INFO  o.e.m.c.i.e.AbstractTransferListenerAdapter - Downloaded https://repo.maven.apache.org/maven2/net/java/jvnet-parent/3/jvnet-parent-3.pom
2020-05-06 00:45:54,120 [Worker-282: Building workspace] INFO  o.e.m.c.i.e.AbstractTransferListenerAdapter - Downloading https://repo.maven.apache.org/maven2/javax/servlet/javax.servlet-api/3.1.0/javax.servlet-api-3.1.0.jar
2020-05-06 00:45:54,893 [Worker-282: Building workspace] INFO  o.e.m.c.i.e.AbstractTransferListenerAdapter - Downloaded https://repo.maven.apache.org/maven2/javax/servlet/javax.servlet-api/3.1.0/javax.servlet-api-3.1.0.jar
2020-05-06 00:46:00,258 [Worker-282: Building workspace] WARN  o.e.m.c.i.embedder.EclipseLogger - Using platform encoding (Cp1252 actually) to copy filtered resources, i.e. build is platform dependent!
2020-05-06 00:46:00,266 [Worker-282: Building workspace] INFO  o.e.m.c.i.embedder.EclipseLogger - skip non existing resourceDirectory E:\3rd year 1st sem\PAF\Hospital Service\HospitalService\src\main\resources
2020-05-06 00:46:00,270 [Worker-282: Building workspace] WARN  o.e.m.c.i.embedder.EclipseLogger - Using platform encoding (Cp1252 actually) to copy filtered resources, i.e. build is platform dependent!
2020-05-06 00:46:00,281 [Worker-282: Building workspace] INFO  o.e.m.c.i.embedder.EclipseLogger - skip non existing resourceDirectory E:\3rd year 1st sem\PAF\Hospital Service\HospitalService\src\test\resources
2020-05-06 00:46:00,282 [Worker-282: Building workspace] INFO  o.e.m.w.i.f.ResourceFilteringBuildParticipant - Changed resources require a complete clean of filtered resources of HospitalService
2020-05-06 00:46:00,282 [Worker-282: Building workspace] INFO  o.e.m.w.i.f.ResourceFilteringBuildParticipant - Executing resource filtering for HospitalService
2020-05-06 00:46:00,288 [Worker-282: Building workspace] WARN  o.e.m.c.i.embedder.EclipseLogger - Using platform encoding (Cp1252 actually) to copy filtered resources, i.e. build is platform dependent!
2020-05-06 00:46:00,559 [Worker-285: Download sources and javadoc] INFO  o.e.m.c.i.e.AbstractTransferListenerAdapter - Downloading https://repo.maven.apache.org/maven2/javax/servlet/javax.servlet-api/3.1.0/javax.servlet-api-3.1.0-sources.jar
2020-05-06 00:46:01,732 [Worker-285: Download sources and javadoc] INFO  o.e.m.c.i.e.AbstractTransferListenerAdapter - Downloaded https://repo.maven.apache.org/maven2/javax/servlet/javax.servlet-api/3.1.0/javax.servlet-api-3.1.0-sources.jar
2020-05-06 00:46:02,081 [Worker-285: Download sources and javadoc] INFO  o.e.m.j.internal.DownloadSourcesJob - Downloaded sources for javax.servlet:javax.servlet-api:3.1.0
2020-05-06 00:46:02,417 [Worker-290: Building workspace] WARN  o.e.m.c.i.embedder.EclipseLogger - Using platform encoding (Cp1252 actually) to copy filtered resources, i.e. build is platform dependent!
2020-05-06 00:46:02,436 [Worker-290: Building workspace] INFO  o.e.m.c.i.embedder.EclipseLogger - skip non existing resourceDirectory E:\3rd year 1st sem\PAF\Hospital Service\HospitalService\src\main\resources
2020-05-06 00:46:02,437 [Worker-290: Building workspace] WARN  o.e.m.c.i.embedder.EclipseLogger - Using platform encoding (Cp1252 actually) to copy filtered resources, i.e. build is platform dependent!
2020-05-06 00:46:02,445 [Worker-290: Building workspace] INFO  o.e.m.c.i.embedder.EclipseLogger - skip non existing resourceDirectory E:\3rd year 1st sem\PAF\Hospital Service\HospitalService\src\test\resources
2020-05-06 00:46:31,721 [Worker-290: Building workspace] WARN  o.e.m.c.i.embedder.EclipseLogger - Using platform encoding (Cp1252 actually) to copy filtered resources, i.e. build is platform dependent!
2020-05-06 00:46:31,732 [Worker-290: Building workspace] INFO  o.e.m.c.i.embedder.EclipseLogger - skip non existing resourceDirectory E:\3rd year 1st sem\PAF\Hospital Service\HospitalService\src\main\resources
2020-05-06 00:46:31,735 [Worker-290: Building workspace] WARN  o.e.m.c.i.embedder.EclipseLogger - Using platform encoding (Cp1252 actually) to copy filtered resources, i.e. build is platform dependent!
2020-05-06 00:46:31,770 [Worker-290: Building workspace] INFO  o.e.m.c.i.embedder.EclipseLogger - skip non existing resourceDirectory E:\3rd year 1st sem\PAF\Hospital Service\HospitalService\src\test\resources
2020-05-06 00:49:46,394 [Worker-288: Building workspace] WARN  o.e.m.c.i.embedder.EclipseLogger - Using platform encoding (Cp1252 actually) to copy filtered resources, i.e. build is platform dependent!
2020-05-06 00:49:46,400 [Worker-288: Building workspace] INFO  o.e.m.c.i.embedder.EclipseLogger - skip non existing resourceDirectory E:\3rd year 1st sem\PAF\Hospital Service\HospitalService\src\main\resources
2020-05-06 00:49:46,401 [Worker-288: Building workspace] WARN  o.e.m.c.i.embedder.EclipseLogger - Using platform encoding (Cp1252 actually) to copy filtered resources, i.e. build is platform dependent!
2020-05-06 00:49:46,406 [Worker-288: Building workspace] INFO  o.e.m.c.i.embedder.EclipseLogger - skip non existing resourceDirectory E:\3rd year 1st sem\PAF\Hospital Service\HospitalService\src\test\resources
2020-05-06 00:51:28,974 [Worker-285: Building workspace] WARN  o.e.m.c.i.embedder.EclipseLogger - Using platform encoding (Cp1252 actually) to copy filtered resources, i.e. build is platform dependent!
2020-05-06 00:51:28,982 [Worker-285: Building workspace] INFO  o.e.m.c.i.embedder.EclipseLogger - skip non existing resourceDirectory E:\3rd year 1st sem\PAF\Hospital Service\HospitalService\src\main\resources
2020-05-06 00:51:28,983 [Worker-285: Building workspace] WARN  o.e.m.c.i.embedder.EclipseLogger - Using platform encoding (Cp1252 actually) to copy filtered resources, i.e. build is platform dependent!
2020-05-06 00:51:28,989 [Worker-285: Building workspace] INFO  o.e.m.c.i.embedder.EclipseLogger - skip non existing resourceDirectory E:\3rd year 1st sem\PAF\Hospital Service\HospitalService\src\test\resources
2020-05-06 00:53:39,434 [Worker-282: Building workspace] WARN  o.e.m.c.i.embedder.EclipseLogger - Using platform encoding (Cp1252 actually) to copy filtered resources, i.e. build is platform dependent!
2020-05-06 00:53:39,439 [Worker-282: Building workspace] INFO  o.e.m.c.i.embedder.EclipseLogger - skip non existing resourceDirectory E:\3rd year 1st sem\PAF\Hospital Service\HospitalService\src\main\resources
2020-05-06 00:53:39,440 [Worker-282: Building workspace] WARN  o.e.m.c.i.embedder.EclipseLogger - Using platform encoding (Cp1252 actually) to copy filtered resources, i.e. build is platform dependent!
2020-05-06 00:53:39,445 [Worker-282: Building workspace] INFO  o.e.m.c.i.embedder.EclipseLogger - skip non existing resourceDirectory E:\3rd year 1st sem\PAF\Hospital Service\HospitalService\src\test\resources
2020-05-06 00:54:50,200 [Worker-282: Building workspace] WARN  o.e.m.c.i.embedder.EclipseLogger - Using platform encoding (Cp1252 actually) to copy filtered resources, i.e. build is platform dependent!
2020-05-06 00:54:50,209 [Worker-282: Building workspace] INFO  o.e.m.c.i.embedder.EclipseLogger - skip non existing resourceDirectory E:\3rd year 1st sem\PAF\Hospital Service\HospitalService\src\main\resources
2020-05-06 00:54:50,210 [Worker-282: Building workspace] WARN  o.e.m.c.i.embedder.EclipseLogger - Using platform encoding (Cp1252 actually) to copy filtered resources, i.e. build is platform dependent!
2020-05-06 00:54:50,217 [Worker-282: Building workspace] INFO  o.e.m.c.i.embedder.EclipseLogger - skip non existing resourceDirectory E:\3rd year 1st sem\PAF\Hospital Service\HospitalService\src\test\resources
2020-05-06 00:56:17,525 [Worker-289: Building workspace] WARN  o.e.m.c.i.embedder.EclipseLogger - Using platform encoding (Cp1252 actually) to copy filtered resources, i.e. build is platform dependent!
2020-05-06 00:56:17,534 [Worker-289: Building workspace] INFO  o.e.m.c.i.embedder.EclipseLogger - skip non existing resourceDirectory E:\3rd year 1st sem\PAF\Hospital Service\HospitalService\src\main\resources
2020-05-06 00:56:17,535 [Worker-289: Building workspace] WARN  o.e.m.c.i.embedder.EclipseLogger - Using platform encoding (Cp1252 actually) to copy filtered resources, i.e. build is platform dependent!
2020-05-06 00:56:17,542 [Worker-289: Building workspace] INFO  o.e.m.c.i.embedder.EclipseLogger - skip non existing resourceDirectory E:\3rd year 1st sem\PAF\Hospital Service\HospitalService\src\test\resources
2020-05-06 00:59:27,816 [Worker-181: Building workspace] WARN  o.e.m.c.i.embedder.EclipseLogger - Using platform encoding (Cp1252 actually) to copy filtered resources, i.e. build is platform dependent!
2020-05-06 00:59:27,824 [Worker-181: Building workspace] INFO  o.e.m.c.i.embedder.EclipseLogger - skip non existing resourceDirectory E:\3rd year 1st sem\PAF\Hospital Service\HospitalService\src\main\resources
2020-05-06 00:59:27,826 [Worker-181: Building workspace] WARN  o.e.m.c.i.embedder.EclipseLogger - Using platform encoding (Cp1252 actually) to copy filtered resources, i.e. build is platform dependent!
2020-05-06 00:59:27,834 [Worker-181: Building workspace] INFO  o.e.m.c.i.embedder.EclipseLogger - skip non existing resourceDirectory E:\3rd year 1st sem\PAF\Hospital Service\HospitalService\src\test\resources
2020-05-06 01:01:36,578 [Worker-289: Building workspace] WARN  o.e.m.c.i.embedder.EclipseLogger - Using platform encoding (Cp1252 actually) to copy filtered resources, i.e. build is platform dependent!
2020-05-06 01:01:36,583 [Worker-289: Building workspace] INFO  o.e.m.c.i.embedder.EclipseLogger - skip non existing resourceDirectory E:\3rd year 1st sem\PAF\Hospital Service\HospitalService\src\main\resources
2020-05-06 01:01:36,584 [Worker-289: Building workspace] WARN  o.e.m.c.i.embedder.EclipseLogger - Using platform encoding (Cp1252 actually) to copy filtered resources, i.e. build is platform dependent!
2020-05-06 01:01:36,589 [Worker-289: Building workspace] INFO  o.e.m.c.i.embedder.EclipseLogger - skip non existing resourceDirectory E:\3rd year 1st sem\PAF\Hospital Service\HospitalService\src\test\resources
2020-05-06 01:03:46,887 [Worker-289: Building workspace] WARN  o.e.m.c.i.embedder.EclipseLogger - Using platform encoding (Cp1252 actually) to copy filtered resources, i.e. build is platform dependent!
2020-05-06 01:03:46,895 [Worker-289: Building workspace] INFO  o.e.m.c.i.embedder.EclipseLogger - skip non existing resourceDirectory E:\3rd year 1st sem\PAF\Hospital Service\HospitalService\src\main\resources
2020-05-06 01:03:46,897 [Worker-289: Building workspace] WARN  o.e.m.c.i.embedder.EclipseLogger - Using platform encoding (Cp1252 actually) to copy filtered resources, i.e. build is platform dependent!
2020-05-06 01:03:46,904 [Worker-289: Building workspace] INFO  o.e.m.c.i.embedder.EclipseLogger - skip non existing resourceDirectory E:\3rd year 1st sem\PAF\Hospital Service\HospitalService\src\test\resources
2020-05-06 01:07:42,900 [Worker-292: Building workspace] WARN  o.e.m.c.i.embedder.EclipseLogger - Using platform encoding (Cp1252 actually) to copy filtered resources, i.e. build is platform dependent!
2020-05-06 01:07:42,910 [Worker-292: Building workspace] INFO  o.e.m.c.i.embedder.EclipseLogger - skip non existing resourceDirectory E:\3rd year 1st sem\PAF\Hospital Service\HospitalService\src\main\resources
2020-05-06 01:07:42,911 [Worker-292: Building workspace] WARN  o.e.m.c.i.embedder.EclipseLogger - Using platform encoding (Cp1252 actually) to copy filtered resources, i.e. build is platform dependent!
2020-05-06 01:07:42,917 [Worker-292: Building workspace] INFO  o.e.m.c.i.embedder.EclipseLogger - skip non existing resourceDirectory E:\3rd year 1st sem\PAF\Hospital Service\HospitalService\src\test\resources
2020-05-06 01:08:06,328 [Worker-294: Building workspace] WARN  o.e.m.c.i.embedder.EclipseLogger - Using platform encoding (Cp1252 actually) to copy filtered resources, i.e. build is platform dependent!
2020-05-06 01:08:06,337 [Worker-294: Building workspace] INFO  o.e.m.c.i.embedder.EclipseLogger - skip non existing resourceDirectory E:\3rd year 1st sem\PAF\Hospital Service\HospitalService\src\main\resources
2020-05-06 01:08:06,338 [Worker-294: Building workspace] WARN  o.e.m.c.i.embedder.EclipseLogger - Using platform encoding (Cp1252 actually) to copy filtered resources, i.e. build is platform dependent!
2020-05-06 01:08:06,343 [Worker-294: Building workspace] INFO  o.e.m.c.i.embedder.EclipseLogger - skip non existing resourceDirectory E:\3rd year 1st sem\PAF\Hospital Service\HospitalService\src\test\resources
2020-05-06 01:15:30,556 [Worker-298: Building workspace] WARN  o.e.m.c.i.embedder.EclipseLogger - Using platform encoding (Cp1252 actually) to copy filtered resources, i.e. build is platform dependent!
2020-05-06 01:15:30,563 [Worker-298: Building workspace] INFO  o.e.m.c.i.embedder.EclipseLogger - skip non existing resourceDirectory E:\3rd year 1st sem\PAF\Hospital Service\HospitalService\src\main\resources
2020-05-06 01:15:30,565 [Worker-298: Building workspace] WARN  o.e.m.c.i.embedder.EclipseLogger - Using platform encoding (Cp1252 actually) to copy filtered resources, i.e. build is platform dependent!
2020-05-06 01:15:30,570 [Worker-298: Building workspace] INFO  o.e.m.c.i.embedder.EclipseLogger - skip non existing resourceDirectory E:\3rd year 1st sem\PAF\Hospital Service\HospitalService\src\test\resources
2020-05-06 01:17:40,019 [Worker-294: Building workspace] WARN  o.e.m.c.i.embedder.EclipseLogger - Using platform encoding (Cp1252 actually) to copy filtered resources, i.e. build is platform dependent!
2020-05-06 01:17:40,026 [Worker-294: Building workspace] INFO  o.e.m.c.i.embedder.EclipseLogger - skip non existing resourceDirectory E:\3rd year 1st sem\PAF\Hospital Service\HospitalService\src\main\resources
2020-05-06 01:17:40,038 [Worker-294: Building workspace] WARN  o.e.m.c.i.embedder.EclipseLogger - Using platform encoding (Cp1252 actually) to copy filtered resources, i.e. build is platform dependent!
2020-05-06 01:17:40,046 [Worker-294: Building workspace] INFO  o.e.m.c.i.embedder.EclipseLogger - skip non existing resourceDirectory E:\3rd year 1st sem\PAF\Hospital Service\HospitalService\src\test\resources
2020-05-06 01:18:21,865 [Worker-294: Building workspace] WARN  o.e.m.c.i.embedder.EclipseLogger - Using platform encoding (Cp1252 actually) to copy filtered resources, i.e. build is platform dependent!
2020-05-06 01:18:21,873 [Worker-294: Building workspace] INFO  o.e.m.c.i.embedder.EclipseLogger - skip non existing resourceDirectory E:\3rd year 1st sem\PAF\Hospital Service\HospitalService\src\main\resources
2020-05-06 01:18:21,876 [Worker-294: Building workspace] WARN  o.e.m.c.i.embedder.EclipseLogger - Using platform encoding (Cp1252 actually) to copy filtered resources, i.e. build is platform dependent!
2020-05-06 01:18:21,882 [Worker-294: Building workspace] INFO  o.e.m.c.i.embedder.EclipseLogger - skip non existing resourceDirectory E:\3rd year 1st sem\PAF\Hospital Service\HospitalService\src\test\resources
2020-05-06 02:11:06,828 [Worker-321: Building workspace] WARN  o.e.m.c.i.embedder.EclipseLogger - Using platform encoding (Cp1252 actually) to copy filtered resources, i.e. build is platform dependent!
2020-05-06 02:11:06,834 [Worker-321: Building workspace] INFO  o.e.m.c.i.embedder.EclipseLogger - skip non existing resourceDirectory E:\3rd year 1st sem\PAF\Hospital Service\HospitalService\src\main\resources
2020-05-06 02:11:06,835 [Worker-321: Building workspace] WARN  o.e.m.c.i.embedder.EclipseLogger - Using platform encoding (Cp1252 actually) to copy filtered resources, i.e. build is platform dependent!
2020-05-06 02:11:06,840 [Worker-321: Building workspace] INFO  o.e.m.c.i.embedder.EclipseLogger - skip non existing resourceDirectory E:\3rd year 1st sem\PAF\Hospital Service\HospitalService\src\test\resources
2020-05-06 02:28:33,817 [Worker-327: Building workspace] WARN  o.e.m.c.i.embedder.EclipseLogger - Using platform encoding (Cp1252 actually) to copy filtered resources, i.e. build is platform dependent!
2020-05-06 02:28:33,822 [Worker-327: Building workspace] INFO  o.e.m.c.i.embedder.EclipseLogger - skip non existing resourceDirectory E:\3rd year 1st sem\PAF\Hospital Service\HospitalService\src\main\resources
2020-05-06 02:28:33,823 [Worker-327: Building workspace] WARN  o.e.m.c.i.embedder.EclipseLogger - Using platform encoding (Cp1252 actually) to copy filtered resources, i.e. build is platform dependent!
2020-05-06 02:28:33,829 [Worker-327: Building workspace] INFO  o.e.m.c.i.embedder.EclipseLogger - skip non existing resourceDirectory E:\3rd year 1st sem\PAF\Hospital Service\HospitalService\src\test\resources
2020-05-06 02:28:46,117 [Worker-330: Building workspace] WARN  o.e.m.c.i.embedder.EclipseLogger - Using platform encoding (Cp1252 actually) to copy filtered resources, i.e. build is platform dependent!
2020-05-06 02:28:46,117 [Worker-330: Building workspace] INFO  o.e.m.c.i.embedder.EclipseLogger - skip non existing resourceDirectory E:\3rd year 1st sem\PAF\Hospital Service\HospitalService\src\main\resources
2020-05-06 02:28:46,117 [Worker-330: Building workspace] WARN  o.e.m.c.i.embedder.EclipseLogger - Using platform encoding (Cp1252 actually) to copy filtered resources, i.e. build is platform dependent!
2020-05-06 02:28:46,132 [Worker-330: Building workspace] INFO  o.e.m.c.i.embedder.EclipseLogger - skip non existing resourceDirectory E:\3rd year 1st sem\PAF\Hospital Service\HospitalService\src\test\resources
2020-05-06 02:31:19,262 [Worker-324: Building workspace] WARN  o.e.m.c.i.embedder.EclipseLogger - Using platform encoding (Cp1252 actually) to copy filtered resources, i.e. build is platform dependent!
2020-05-06 02:31:19,268 [Worker-324: Building workspace] INFO  o.e.m.c.i.embedder.EclipseLogger - skip non existing resourceDirectory E:\3rd year 1st sem\PAF\Hospital Service\HospitalService\src\main\resources
2020-05-06 02:31:19,269 [Worker-324: Building workspace] WARN  o.e.m.c.i.embedder.EclipseLogger - Using platform encoding (Cp1252 actually) to copy filtered resources, i.e. build is platform dependent!
2020-05-06 02:31:19,275 [Worker-324: Building workspace] INFO  o.e.m.c.i.embedder.EclipseLogger - skip non existing resourceDirectory E:\3rd year 1st sem\PAF\Hospital Service\HospitalService\src\test\resources
2020-05-06 02:35:49,361 [Worker-335: Building workspace] WARN  o.e.m.c.i.embedder.EclipseLogger - Using platform encoding (Cp1252 actually) to copy filtered resources, i.e. build is platform dependent!
2020-05-06 02:35:49,377 [Worker-335: Building workspace] INFO  o.e.m.c.i.embedder.EclipseLogger - skip non existing resourceDirectory E:\3rd year 1st sem\PAF\Hospital Service\HospitalService\src\main\resources
2020-05-06 02:35:49,377 [Worker-335: Building workspace] WARN  o.e.m.c.i.embedder.EclipseLogger - Using platform encoding (Cp1252 actually) to copy filtered resources, i.e. build is platform dependent!
2020-05-06 02:35:49,377 [Worker-335: Building workspace] INFO  o.e.m.c.i.embedder.EclipseLogger - skip non existing resourceDirectory E:\3rd year 1st sem\PAF\Hospital Service\HospitalService\src\test\resources
2020-05-06 02:36:05,889 [Worker-335: Building workspace] WARN  o.e.m.c.i.embedder.EclipseLogger - Using platform encoding (Cp1252 actually) to copy filtered resources, i.e. build is platform dependent!
2020-05-06 02:36:05,894 [Worker-335: Building workspace] INFO  o.e.m.c.i.embedder.EclipseLogger - skip non existing resourceDirectory E:\3rd year 1st sem\PAF\Hospital Service\HospitalService\src\main\resources
2020-05-06 02:36:05,895 [Worker-335: Building workspace] WARN  o.e.m.c.i.embedder.EclipseLogger - Using platform encoding (Cp1252 actually) to copy filtered resources, i.e. build is platform dependent!
2020-05-06 02:36:05,900 [Worker-335: Building workspace] INFO  o.e.m.c.i.embedder.EclipseLogger - skip non existing resourceDirectory E:\3rd year 1st sem\PAF\Hospital Service\HospitalService\src\test\resources
2020-05-06 02:36:42,622 [Worker-339: Building workspace] WARN  o.e.m.c.i.embedder.EclipseLogger - Using platform encoding (Cp1252 actually) to copy filtered resources, i.e. build is platform dependent!
2020-05-06 02:36:42,627 [Worker-339: Building workspace] INFO  o.e.m.c.i.embedder.EclipseLogger - skip non existing resourceDirectory E:\3rd year 1st sem\PAF\Hospital Service\HospitalService\src\main\resources
2020-05-06 02:36:42,627 [Worker-339: Building workspace] WARN  o.e.m.c.i.embedder.EclipseLogger - Using platform encoding (Cp1252 actually) to copy filtered resources, i.e. build is platform dependent!
2020-05-06 02:36:42,632 [Worker-339: Building workspace] INFO  o.e.m.c.i.embedder.EclipseLogger - skip non existing resourceDirectory E:\3rd year 1st sem\PAF\Hospital Service\HospitalService\src\test\resources
2020-05-06 02:36:47,600 [Worker-340: Building workspace] WARN  o.e.m.c.i.embedder.EclipseLogger - Using platform encoding (Cp1252 actually) to copy filtered resources, i.e. build is platform dependent!
2020-05-06 02:36:47,615 [Worker-340: Building workspace] INFO  o.e.m.c.i.embedder.EclipseLogger - skip non existing resourceDirectory E:\3rd year 1st sem\PAF\Hospital Service\HospitalService\src\main\resources
2020-05-06 02:36:47,654 [Worker-340: Building workspace] WARN  o.e.m.c.i.embedder.EclipseLogger - Using platform encoding (Cp1252 actually) to copy filtered resources, i.e. build is platform dependent!
2020-05-06 02:36:47,662 [Worker-340: Building workspace] INFO  o.e.m.c.i.embedder.EclipseLogger - skip non existing resourceDirectory E:\3rd year 1st sem\PAF\Hospital Service\HospitalService\src\test\resources
2020-05-06 02:51:01,424 [Worker-343: Building workspace] WARN  o.e.m.c.i.embedder.EclipseLogger - Using platform encoding (Cp1252 actually) to copy filtered resources, i.e. build is platform dependent!
2020-05-06 02:51:01,439 [Worker-343: Building workspace] INFO  o.e.m.c.i.embedder.EclipseLogger - skip non existing resourceDirectory E:\3rd year 1st sem\PAF\Hospital Service\HospitalService\src\main\resources
2020-05-06 02:51:01,439 [Worker-343: Building workspace] WARN  o.e.m.c.i.embedder.EclipseLogger - Using platform encoding (Cp1252 actually) to copy filtered resources, i.e. build is platform dependent!
2020-05-06 02:51:01,439 [Worker-343: Building workspace] INFO  o.e.m.c.i.embedder.EclipseLogger - skip non existing resourceDirectory E:\3rd year 1st sem\PAF\Hospital Service\HospitalService\src\test\resources
2020-05-06 02:51:04,913 [Worker-341: Building workspace] WARN  o.e.m.c.i.embedder.EclipseLogger - Using platform encoding (Cp1252 actually) to copy filtered resources, i.e. build is platform dependent!
2020-05-06 02:51:04,913 [Worker-341: Building workspace] INFO  o.e.m.c.i.embedder.EclipseLogger - skip non existing resourceDirectory E:\3rd year 1st sem\PAF\Hospital Service\HospitalService\src\main\resources
2020-05-06 02:51:04,913 [Worker-341: Building workspace] WARN  o.e.m.c.i.embedder.EclipseLogger - Using platform encoding (Cp1252 actually) to copy filtered resources, i.e. build is platform dependent!
2020-05-06 02:51:04,928 [Worker-341: Building workspace] INFO  o.e.m.c.i.embedder.EclipseLogger - skip non existing resourceDirectory E:\3rd year 1st sem\PAF\Hospital Service\HospitalService\src\test\resources
2020-05-06 02:51:16,294 [Worker-338: Building workspace] WARN  o.e.m.c.i.embedder.EclipseLogger - Using platform encoding (Cp1252 actually) to copy filtered resources, i.e. build is platform dependent!
2020-05-06 02:51:16,309 [Worker-338: Building workspace] INFO  o.e.m.c.i.embedder.EclipseLogger - skip non existing resourceDirectory E:\3rd year 1st sem\PAF\Hospital Service\HospitalService\src\main\resources
2020-05-06 02:51:16,309 [Worker-338: Building workspace] WARN  o.e.m.c.i.embedder.EclipseLogger - Using platform encoding (Cp1252 actually) to copy filtered resources, i.e. build is platform dependent!
2020-05-06 02:51:16,309 [Worker-338: Building workspace] INFO  o.e.m.c.i.embedder.EclipseLogger - skip non existing resourceDirectory E:\3rd year 1st sem\PAF\Hospital Service\HospitalService\src\test\resources
